{
  "stats": {
    "suites": 1,
    "tests": 6,
    "passes": 5,
    "pending": 0,
    "failures": 1,
    "start": "2021-01-20T18:11:31.182Z",
    "end": "2021-01-20T18:11:40.129Z",
    "duration": 8947,
    "testsRegistered": 6,
    "passPercent": 83.33333333333334,
    "pendingPercent": 0,
    "other": 0,
    "hasOther": false,
    "skipped": 0,
    "hasSkipped": false
  },
  "results": [
    {
      "uuid": "6eb9c269-943c-48ea-91be-72472db465e2",
      "title": "",
      "fullFile": "cypress\\integration\\sample_spec.js",
      "file": "cypress\\integration\\sample_spec.js",
      "beforeHooks": [],
      "afterHooks": [],
      "tests": [],
      "suites": [
        {
          "uuid": "def8a09c-2e80-4289-a834-63ae7343f492",
          "title": "QA Automation Test",
          "fullFile": "",
          "file": "",
          "beforeHooks": [],
          "afterHooks": [],
          "tests": [
            {
              "title": "logo image",
              "fullTitle": "QA Automation Test logo image",
              "timedOut": null,
              "duration": 797,
              "state": "passed",
              "speed": "slow",
              "pass": true,
              "fail": false,
              "pending": false,
              "context": null,
              "code": "signIn.getLogoImageError('#logomini', 'https://pecode-software.web.app/static/media/icon-logo.f8576d05.svg');",
              "err": {},
              "uuid": "1b87a787-3379-471b-aeca-917202e01b94",
              "parentUUID": "def8a09c-2e80-4289-a834-63ae7343f492",
              "isHook": false,
              "skipped": false
            },
            {
              "title": "greets with Sign In",
              "fullTitle": "QA Automation Test greets with Sign In",
              "timedOut": null,
              "duration": 126,
              "state": "passed",
              "speed": "slow",
              "pass": true,
              "fail": false,
              "pending": false,
              "context": null,
              "code": "signIn.getGreetsSignInError('h1', 'QA Portal Login');",
              "err": {},
              "uuid": "d8e456cc-12ec-4bbf-898f-d5840a167c1a",
              "parentUUID": "def8a09c-2e80-4289-a834-63ae7343f492",
              "isHook": false,
              "skipped": false
            },
            {
              "title": "requires username",
              "fullTitle": "QA Automation Test requires username",
              "timedOut": null,
              "duration": 218,
              "state": "passed",
              "speed": "slow",
              "pass": true,
              "fail": false,
              "pending": false,
              "context": null,
              "code": "signIn.getUsernameError('form', 'Login');\nsignIn.getMessagesError('.help-block', 'Please enter username');",
              "err": {},
              "uuid": "b6e855e8-e47d-4ee3-b924-f7428a187595",
              "parentUUID": "def8a09c-2e80-4289-a834-63ae7343f492",
              "isHook": false,
              "skipped": false
            },
            {
              "title": "requires password",
              "fullTitle": "QA Automation Test requires password",
              "timedOut": null,
              "duration": 326,
              "state": "passed",
              "speed": "slow",
              "pass": true,
              "fail": false,
              "pending": false,
              "context": null,
              "code": "signIn.getAuthorizationError('[name=username]', 'David{Enter}');\nsignIn.getMessagesError('.help-block', 'Please enter your password');",
              "err": {},
              "uuid": "d18fa11c-ea95-4862-98c9-b93d81247c6a",
              "parentUUID": "def8a09c-2e80-4289-a834-63ae7343f492",
              "isHook": false,
              "skipped": false
            },
            {
              "title": "requires valid username and password",
              "fullTitle": "QA Automation Test requires valid username and password",
              "timedOut": null,
              "duration": 588,
              "state": "passed",
              "speed": "slow",
              "pass": true,
              "fail": false,
              "pending": false,
              "context": null,
              "code": "signIn.getAuthorizationError('[name=username]', 'David');\nsignIn.getAuthorizationError('[name=password]', 'invalid{Enter}');\nsignIn.getMessagesError('.help-block', 'No account found with that username.');",
              "err": {},
              "uuid": "6505289d-6055-4c17-b920-5a30e9f7128d",
              "parentUUID": "def8a09c-2e80-4289-a834-63ae7343f492",
              "isHook": false,
              "skipped": false
            },
            {
              "title": "navigates to /registerlogin on successful login",
              "fullTitle": "QA Automation Test navigates to /registerlogin on successful login",
              "timedOut": null,
              "duration": 4850,
              "state": "failed",
              "speed": null,
              "pass": false,
              "fail": true,
              "pending": false,
              "context": null,
              "code": "signIn.getAuthorizationError('[name=username]', 'admin');\nsignIn.getAuthorizationError('[name=password]', 'admin');\nsignIn.getHashError(link);",
              "err": {
                "message": "AssertionError: Timed out retrying after 4000ms: expected '' to equal 'https://www.pecodesoftware.com/qa-portal/registerlogin'",
                "estack": "AssertionError: Timed out retrying after 4000ms: expected '' to equal 'https://www.pecodesoftware.com/qa-portal/registerlogin'\n    at SignInPage.getHashError (https://www.pecodesoftware.com/__cypress/tests?p=cypress\\integration\\sample_spec.js:148:24)\n    at Context.eval (https://www.pecodesoftware.com/__cypress/tests?p=cypress\\integration\\sample_spec.js:202:12)",
                "diff": "+ 'https://www.pecodesoftware.com/qa-portal/registerlogin'\n"
              },
              "uuid": "2b2b564c-e3ae-4b23-acb0-8df76d2b9d79",
              "parentUUID": "def8a09c-2e80-4289-a834-63ae7343f492",
              "isHook": false,
              "skipped": false
            }
          ],
          "suites": [],
          "passes": [
            "1b87a787-3379-471b-aeca-917202e01b94",
            "d8e456cc-12ec-4bbf-898f-d5840a167c1a",
            "b6e855e8-e47d-4ee3-b924-f7428a187595",
            "d18fa11c-ea95-4862-98c9-b93d81247c6a",
            "6505289d-6055-4c17-b920-5a30e9f7128d"
          ],
          "failures": [
            "2b2b564c-e3ae-4b23-acb0-8df76d2b9d79"
          ],
          "pending": [],
          "skipped": [],
          "duration": 6905,
          "root": false,
          "rootEmpty": false,
          "_timeout": 2000
        }
      ],
      "passes": [],
      "failures": [],
      "pending": [],
      "skipped": [],
      "duration": 0,
      "root": true,
      "rootEmpty": true,
      "_timeout": 2000
    }
  ],
  "meta": {
    "mocha": {
      "version": "7.0.1"
    },
    "mochawesome": {
      "options": {
        "quiet": false,
        "reportFilename": "mochawesome",
        "saveHtml": false,
        "saveJson": true,
        "consoleReporter": "spec",
        "useInlineDiffs": false,
        "code": true
      },
      "version": "6.2.1"
    },
    "marge": {
      "options": {
        "id": "default",
        "reportDir": "cypress/reports/mocha",
        "quite": true,
        "overwrite": false,
        "html": false,
        "json": true
      },
      "version": "5.1.0"
    }
  }
}