{
  "stats": {
    "suites": 1,
    "tests": 6,
    "passes": 5,
    "pending": 0,
    "failures": 1,
    "start": "2021-01-20T16:01:57.976Z",
    "end": "2021-01-20T16:02:06.361Z",
    "duration": 8385,
    "testsRegistered": 6,
    "passPercent": 83.33333333333334,
    "pendingPercent": 0,
    "other": 0,
    "hasOther": false,
    "skipped": 0,
    "hasSkipped": false
  },
  "results": [
    {
      "uuid": "1e38bb45-d572-482a-ba7d-07dcfb4c448c",
      "title": "",
      "fullFile": "cypress\\integration\\sample_spec.js",
      "file": "cypress\\integration\\sample_spec.js",
      "beforeHooks": [],
      "afterHooks": [],
      "tests": [],
      "suites": [
        {
          "uuid": "9f640fe9-333c-48b0-a417-8292e14218b9",
          "title": "QA Automation Test",
          "fullFile": "",
          "file": "",
          "beforeHooks": [],
          "afterHooks": [],
          "tests": [
            {
              "title": "logo image",
              "fullTitle": "QA Automation Test logo image",
              "timedOut": null,
              "duration": 668,
              "state": "passed",
              "speed": "slow",
              "pass": true,
              "fail": false,
              "pending": false,
              "context": null,
              "code": "signIn.getLogoImageError('#logomini', 'https://pecode-software.web.app/static/media/icon-logo.f8576d05.svg');",
              "err": {},
              "uuid": "3022107d-efbc-4b5b-9454-b7a12db16a99",
              "parentUUID": "9f640fe9-333c-48b0-a417-8292e14218b9",
              "isHook": false,
              "skipped": false
            },
            {
              "title": "greets with Sign In",
              "fullTitle": "QA Automation Test greets with Sign In",
              "timedOut": null,
              "duration": 112,
              "state": "passed",
              "speed": "slow",
              "pass": true,
              "fail": false,
              "pending": false,
              "context": null,
              "code": "signIn.getGreetsSignInError('h1', 'QA Portal Login');",
              "err": {},
              "uuid": "2448aa11-f715-4fe6-ba54-1aee3667ce12",
              "parentUUID": "9f640fe9-333c-48b0-a417-8292e14218b9",
              "isHook": false,
              "skipped": false
            },
            {
              "title": "requires username",
              "fullTitle": "QA Automation Test requires username",
              "timedOut": null,
              "duration": 187,
              "state": "passed",
              "speed": "slow",
              "pass": true,
              "fail": false,
              "pending": false,
              "context": null,
              "code": "signIn.getUsernameError('form', 'Login');\nsignIn.getMessagesError('.help-block', 'Please enter username');",
              "err": {},
              "uuid": "3cbf6b9b-a47a-461d-b59d-0c9519b70ae1",
              "parentUUID": "9f640fe9-333c-48b0-a417-8292e14218b9",
              "isHook": false,
              "skipped": false
            },
            {
              "title": "requires password",
              "fullTitle": "QA Automation Test requires password",
              "timedOut": null,
              "duration": 314,
              "state": "passed",
              "speed": "slow",
              "pass": true,
              "fail": false,
              "pending": false,
              "context": null,
              "code": "signIn.getAuthorizationError('[name=username]', 'David{Enter}');\nsignIn.getMessagesError('.help-block', 'Please enter your password');",
              "err": {},
              "uuid": "3fec0e04-d85a-46b1-b142-3d09566342d8",
              "parentUUID": "9f640fe9-333c-48b0-a417-8292e14218b9",
              "isHook": false,
              "skipped": false
            },
            {
              "title": "requires valid username and password",
              "fullTitle": "QA Automation Test requires valid username and password",
              "timedOut": null,
              "duration": 577,
              "state": "passed",
              "speed": "slow",
              "pass": true,
              "fail": false,
              "pending": false,
              "context": null,
              "code": "signIn.getAuthorizationError('[name=username]', 'David');\nsignIn.getAuthorizationError('[name=password]', 'invalid{Enter}');\nsignIn.getMessagesError('.help-block', 'No account found with that username.');",
              "err": {},
              "uuid": "f695e5be-65f1-423e-a1d5-34c894acb409",
              "parentUUID": "9f640fe9-333c-48b0-a417-8292e14218b9",
              "isHook": false,
              "skipped": false
            },
            {
              "title": "navigates to /registerlogin on successful login",
              "fullTitle": "QA Automation Test navigates to /registerlogin on successful login",
              "timedOut": null,
              "duration": 4807,
              "state": "failed",
              "speed": null,
              "pass": false,
              "fail": true,
              "pending": false,
              "context": null,
              "code": "signIn.getAuthorizationError('[name=username]', 'admin');\nsignIn.getAuthorizationError('[name=password]', 'admin');\nsignIn.getHashError(link);",
              "err": {
                "message": "AssertionError: Timed out retrying after 4000ms: expected '' to equal 'https://www.pecodesoftware.com/qa-portal/registerlogin'",
                "estack": "AssertionError: Timed out retrying after 4000ms: expected '' to equal 'https://www.pecodesoftware.com/qa-portal/registerlogin'\n    at SignInPage.getHashError (https://www.pecodesoftware.com/__cypress/tests?p=cypress\\integration\\sample_spec.js:148:24)\n    at Context.eval (https://www.pecodesoftware.com/__cypress/tests?p=cypress\\integration\\sample_spec.js:202:12)",
                "diff": "+ 'https://www.pecodesoftware.com/qa-portal/registerlogin'\n"
              },
              "uuid": "86b87219-6f8f-44ce-9660-75e10cabbe3b",
              "parentUUID": "9f640fe9-333c-48b0-a417-8292e14218b9",
              "isHook": false,
              "skipped": false
            }
          ],
          "suites": [],
          "passes": [
            "3022107d-efbc-4b5b-9454-b7a12db16a99",
            "2448aa11-f715-4fe6-ba54-1aee3667ce12",
            "3cbf6b9b-a47a-461d-b59d-0c9519b70ae1",
            "3fec0e04-d85a-46b1-b142-3d09566342d8",
            "f695e5be-65f1-423e-a1d5-34c894acb409"
          ],
          "failures": [
            "86b87219-6f8f-44ce-9660-75e10cabbe3b"
          ],
          "pending": [],
          "skipped": [],
          "duration": 6665,
          "root": false,
          "rootEmpty": false,
          "_timeout": 2000
        }
      ],
      "passes": [],
      "failures": [],
      "pending": [],
      "skipped": [],
      "duration": 0,
      "root": true,
      "rootEmpty": true,
      "_timeout": 2000
    }
  ],
  "meta": {
    "mocha": {
      "version": "7.0.1"
    },
    "mochawesome": {
      "options": {
        "quiet": false,
        "reportFilename": "mochawesome",
        "saveHtml": false,
        "saveJson": true,
        "consoleReporter": "spec",
        "useInlineDiffs": false,
        "code": true
      },
      "version": "6.2.1"
    },
    "marge": {
      "options": {
        "id": "default",
        "reportDir": "cypress/reports/mocha",
        "quite": true,
        "overwrite": false,
        "html": false,
        "json": true
      },
      "version": "5.1.0"
    }
  }
}